<?xml version="1.0" encoding="UTF-8"?>
<!-- Generated by org.testng.reporters.JUnitXMLReporter -->
<testsuite hostname="TechAviator-PC" name="Set1" tests="3" failures="1" timestamp="17 Dec 2017 07:16:33 GMT" time="175.092" errors="0">
  <testcase name="TestInvalidSerch" time="52.423" classname="Scenario_Component.Scenario_Search"/>
  <testcase name="TestInvalidSerch" time="55.737" classname="Scenario_Component.Scenario_Search">
    <failure type="java.lang.AssertionError" message="The following asserts failed:
null">
      <![CDATA[java.lang.AssertionError: The following asserts failed:
null
	at Scenario_Component.Scenario_Search.TestInvalidSerch(Scenario_Search.java:57)
... Removed 25 stack frames]]>
    </failure>
  </testcase> <!-- TestInvalidSerch -->
  <testcase name="testAddcart" time="66.532" classname="Scenario_Component.Scenario_Cart"/>
</testsuite> <!-- Set1 -->
